<?xml version="1.0" encoding="UTF-8"?>
<testsuite xmlns:xsi="http://www.w3.org/2001/XMLSchema-instance" xsi:noNamespaceSchemaLocation="https://maven.apache.org/surefire/maven-surefire-plugin/xsd/surefire-test-report-3.0.xsd" version="3.0" name="com.college.gatepass.PassFlowTest" time="6.937" tests="1" errors="0" skipped="0" failures="0">
  <properties>
[...]
</properties>
  <testcase name="fullFlow" classname="com.college.gatepass.PassFlowTest" time="0.605">
    <system-out><![CDATA[Standard Commons Logging discovery in action with spring-jcl: please remove commons-logging.jar from classpath in order to avoid potential conflicts
00:06:42.550 [main] INFO org.springframework.test.context.support.AnnotationConfigContextLoaderUtils -- Could not detect default configuration classes for test class [com.college.gatepass.PassFlowTest]: PassFlowTest does not declare any static, non-private, non-final, nested classes annotated with @Configuration.
00:06:42.629 [main] INFO org.springframework.boot.test.context.SpringBootTestContextBootstrapper -- Found @SpringBootConfiguration com.college.gatepass.GatepassApplication for test class com.college.gatepass.PassFlowTest

  .   ____          _            __ _ _
 /\\ / ___'_ __ _ _(_)_ __  __ _ \ \ \ \
( ( )\___ | '_ | '_| | '_ \/ _` | \ \ \ \
 \\/  ___)| |_)| | | | | || (_| |  ) ) ) )
  '  |____| .__|_| |_|_| |_\__, | / / / /
 =========|_|==============|___/=/_/_/_/

 :: Spring Boot ::                (v3.3.4)

2026-05-18 00:06:43 [main] INFO  com.college.gatepass.PassFlowTest - Starting PassFlowTest using Java 21.0.10 with PID 9812 (started by devil in /home/devil/Downloads/digital-gate-pass-backend/backend-updated)
2026-05-18 00:06:43 [main] INFO  com.college.gatepass.PassFlowTest - No active profile set, falling back to 1 default profile: "default"
2026-05-18 00:06:43 [main] INFO  o.s.d.r.c.RepositoryConfigurationDelegate - Multiple Spring Data modules found, entering strict repository configuration mode
2026-05-18 00:06:43 [main] INFO  o.s.d.r.c.RepositoryConfigurationDelegate - Bootstrapping Spring Data JPA repositories in DEFAULT mode.
2026-05-18 00:06:44 [main] INFO  o.s.d.r.c.RepositoryConfigurationDelegate - Finished Spring Data repository scanning in 90 ms. Found 4 JPA repository interfaces.
2026-05-18 00:06:44 [main] INFO  o.h.jpa.internal.util.LogHelper - HHH000204: Processing PersistenceUnitInfo [name: default]
2026-05-18 00:06:44 [main] INFO  org.hibernate.Version - HHH000412: Hibernate ORM core version 6.5.3.Final
2026-05-18 00:06:44 [main] INFO  o.h.c.i.RegionFactoryInitiator - HHH000026: Second-level cache disabled
2026-05-18 00:06:45 [main] INFO  o.s.o.j.p.SpringPersistenceUnitInfo - No LoadTimeWeaver setup: ignoring JPA class transformer
2026-05-18 00:06:45 [main] INFO  com.zaxxer.hikari.HikariDataSource - HikariPool-1 - Starting...
2026-05-18 00:06:45 [main] INFO  com.zaxxer.hikari.pool.HikariPool - HikariPool-1 - Added connection conn0: url=jdbc:h2:mem:gp user=ROOT
2026-05-18 00:06:45 [main] INFO  com.zaxxer.hikari.HikariDataSource - HikariPool-1 - Start completed.
2026-05-18 00:06:45 [main] INFO  o.h.e.t.j.p.i.JtaPlatformInitiator - HHH000489: No JTA platform available (set 'hibernate.transaction.jta.platform' to enable JTA platform integration)
2026-05-18 00:06:45 [main] INFO  o.s.o.j.LocalContainerEntityManagerFactoryBean - Initialized JPA EntityManagerFactory for persistence unit 'default'
2026-05-18 00:06:46 [main] INFO  o.s.d.j.r.query.QueryEnhancerFactory - Hibernate is in classpath; If applicable, HQL parser will be used.
2026-05-18 00:06:46 [main] INFO  o.s.s.c.a.a.c.InitializeAuthenticationProviderBeanManagerConfigurer$InitializeAuthenticationProviderManagerConfigurer - Global AuthenticationManager configured with AuthenticationProvider bean with name authenticationProvider
2026-05-18 00:06:46 [main] WARN  o.s.s.c.a.a.c.InitializeUserDetailsBeanManagerConfigurer$InitializeUserDetailsManagerConfigurer - Global AuthenticationManager configured with an AuthenticationProvider bean. UserDetailsService beans will not be used for username/password login. Consider removing the AuthenticationProvider bean. Alternatively, consider using the UserDetailsService in a manually instantiated DaoAuthenticationProvider.
2026-05-18 00:06:47 [main] INFO  o.s.b.a.e.web.EndpointLinksResolver - Exposing 3 endpoints beneath base path '/actuator'
2026-05-18 00:06:48 [main] INFO  com.college.gatepass.PassFlowTest - Started PassFlowTest in 5.725 seconds (process running for 6.523)
2026-05-18 00:06:48 [main] WARN  c.college.gatepass.config.DataSeeder - ╔══════════════════════════════════════════════════════════╗
2026-05-18 00:06:48 [main] WARN  c.college.gatepass.config.DataSeeder - ║  DataSeeder created a default admin account.             ║
2026-05-18 00:06:48 [main] WARN  c.college.gatepass.config.DataSeeder - ║  Email   : admin@gatepass.edu                        ║
2026-05-18 00:06:48 [main] WARN  c.college.gatepass.config.DataSeeder - ║  Password: Admin@1234 (CHANGE THIS NOW!)          ║
2026-05-18 00:06:48 [main] WARN  c.college.gatepass.config.DataSeeder - ╚══════════════════════════════════════════════════════════╝
2026-05-18 00:06:49 [email-1] INFO  c.c.gatepass.service.EmailService - [DEV EMAIL] To: s@x.com, Subject: Verify your email - Digital Gate Pass
2026-05-18 00:06:49 [email-2] INFO  c.c.g.listener.NotificationListener - [NOTIFY] Pass 1 — action: APPROVE — student: s@x.com
2026-05-18 00:06:49 [email-3] INFO  c.c.gatepass.service.EmailService - [DEV EMAIL] To: s@x.com, Subject: ✅ Gate Pass Approved — HOME
]]></system-out>
    <system-err><![CDATA[WARNING: A Java agent has been loaded dynamically (/home/devil/.m2/repository/net/bytebuddy/byte-buddy-agent/1.14.19/byte-buddy-agent-1.14.19.jar)
WARNING: If a serviceability tool is in use, please run with -XX:+EnableDynamicAgentLoading to hide this warning
WARNING: If a serviceability tool is not in use, please run with -Djdk.instrument.traceUsage for more information
WARNING: Dynamic loading of agents will be disallowed by default in a future release
]]></system-err>
  </testcase>
</testsuite>